<?xml version="1.0" encoding="UTF-8"?>
<!-- Generated by org.testng.reporters.JUnitXMLReporter -->
<testsuite hostname="NYCMDLNMUHMAC.local" name="FirefoxTest" tests="2" failures="0" timestamp="30 May 2018 16:15:00 GMT" time="0.029" errors="0">
  <testcase name="@BeforeClass beforeTest" time="0.0" classname="com.framework.automation.framework.homePage.Headlesstest">
    <failure type="org.testng.TestNGException" message="
Method beforeTest requires 1 parameters but 0 were supplied in the @Configuration annotation.">
      <![CDATA[org.testng.TestNGException: 
Method beforeTest requires 1 parameters but 0 were supplied in the @Configuration annotation.
	at java.util.concurrent.FutureTask.run(FutureTask.java:266)
	at java.util.concurrent.ThreadPoolExecutor.runWorker(ThreadPoolExecutor.java:1149)
	at java.util.concurrent.ThreadPoolExecutor$Worker.run(ThreadPoolExecutor.java:624)
	at java.lang.Thread.run(Thread.java:748)
... Removed 14 stack frames]]>
    </failure>
  </testcase> <!-- @BeforeClass beforeTest -->
  <testcase name="@AfterClass afterTest" time="0.0" classname="com.framework.automation.framework.homePage.Headlesstest">
    <skipped/>
  </testcase> <!-- @AfterClass afterTest -->
  <testcase name="VerifyProductring" time="0.002" classname="com.framework.automation.framework.homePage.Headlesstest">
    <skipped/>
  </testcase> <!-- VerifyProductring -->
  <testcase name="verifyLoginWithInvalidCredentails" time="0.001" classname="com.framework.automation.framework.homePage.Headlesstest">
    <skipped/>
  </testcase> <!-- verifyLoginWithInvalidCredentails -->
</testsuite> <!-- FirefoxTest -->
