<?xml version="1.0" encoding="UTF-8"?>
<!-- Generated by org.testng.reporters.JUnitXMLReporter -->
<testsuite hostname="NYCMDLNMUHMAC.local" name="chrometest" tests="19" failures="3" timestamp="7 Apr 2018 03:25:10 GMT" time="68.622" errors="0">
  <testcase name="validEmailforCreateAccount" time="0.979" classname="com.framework.automation.framework.homePage.VerifyloginWithValidCredentails">
    <skipped/>
  </testcase> <!-- validEmailforCreateAccount -->
  <testcase name="validEmailforCreateAccount" time="2.12" classname="com.framework.automation.framework.homePage.VerifyloginWithValidCredentails">
    <skipped/>
  </testcase> <!-- validEmailforCreateAccount -->
  <testcase name="validEmailforCreateAccount" time="6.307" classname="com.framework.automation.framework.homePage.VerifyloginWithValidCredentails">
    <skipped/>
  </testcase> <!-- validEmailforCreateAccount -->
  <testcase name="validEmailforCreateAccount" time="6.382" classname="com.framework.automation.framework.homePage.VerifyloginWithValidCredentails">
    <failure type="org.openqa.selenium.WebDriverException" message="unknown error: call function result missing &amp;apos;value&amp;apos;
  (Session info: chrome=65.0.3325.181)
  (Driver info: chromedriver=2.32.498537 (cb2f855cbc7b82e20387eaf9a43f6b99b6105061),platform=Mac OS X 10.11.4 x86_64) (WARNING: The server did not provide any stacktrace information)
Command duration or timeout: 0 milliseconds
Build info: version: &amp;apos;3.6.0&amp;apos;, revision: &amp;apos;6fbf3ec767&amp;apos;, time: &amp;apos;2017-09-27T15:28:36.4Z&amp;apos;
System info: host: &amp;apos;NYCMDLNMUHMAC.local&amp;apos;, ip: &amp;apos;fe80:0:0:0:a299:9bff:fe1a:6ff5%en0&amp;apos;, os.name: &amp;apos;Mac OS X&amp;apos;, os.arch: &amp;apos;x86_64&amp;apos;, os.version: &amp;apos;10.11.4&amp;apos;, java.version: &amp;apos;1.8.0_60&amp;apos;
Driver info: org.openqa.selenium.remote.RemoteWebDriver
Capabilities [{mobileEmulationEnabled=false, hasTouchScreen=false, platform=MAC, acceptSslCerts=true, webStorageEnabled=true, browserName=chrome, takesScreenshot=true, javascriptEnabled=true, platformName=MAC, setWindowRect=true, unexpectedAlertBehaviour=, applicationCacheEnabled=false, rotatable=false, networkConnectionEnabled=false, chrome={chromedriverVersion=2.32.498537 (cb2f855cbc7b82e20387eaf9a43f6b99b6105061), userDataDir=/var/folders/xc/6sf0jwrj1kld9nykm9hs0zpm1hp1_p/T/.org.chromium.Chromium.n29uO0}, takesHeapSnapshot=true, pageLoadStrategy=normal, unhandledPromptBehavior=, databaseEnabled=false, handlesAlerts=true, version=65.0.3325.181, browserConnectionEnabled=false, nativeEvents=true, locationContextEnabled=true, cssSelectorsEnabled=true}]
Session ID: 893148f0569e95451eb7e849ebb06582">
      <![CDATA[org.openqa.selenium.WebDriverException: unknown error: call function result missing 'value'
  (Session info: chrome=65.0.3325.181)
  (Driver info: chromedriver=2.32.498537 (cb2f855cbc7b82e20387eaf9a43f6b99b6105061),platform=Mac OS X 10.11.4 x86_64) (WARNING: The server did not provide any stacktrace information)
Command duration or timeout: 0 milliseconds
Build info: version: '3.6.0', revision: '6fbf3ec767', time: '2017-09-27T15:28:36.4Z'
System info: host: 'NYCMDLNMUHMAC.local', ip: 'fe80:0:0:0:a299:9bff:fe1a:6ff5%en0', os.name: 'Mac OS X', os.arch: 'x86_64', os.version: '10.11.4', java.version: '1.8.0_60'
Driver info: org.openqa.selenium.remote.RemoteWebDriver
Capabilities [{mobileEmulationEnabled=false, hasTouchScreen=false, platform=MAC, acceptSslCerts=true, webStorageEnabled=true, browserName=chrome, takesScreenshot=true, javascriptEnabled=true, platformName=MAC, setWindowRect=true, unexpectedAlertBehaviour=, applicationCacheEnabled=false, rotatable=false, networkConnectionEnabled=false, chrome={chromedriverVersion=2.32.498537 (cb2f855cbc7b82e20387eaf9a43f6b99b6105061), userDataDir=/var/folders/xc/6sf0jwrj1kld9nykm9hs0zpm1hp1_p/T/.org.chromium.Chromium.n29uO0}, takesHeapSnapshot=true, pageLoadStrategy=normal, unhandledPromptBehavior=, databaseEnabled=false, handlesAlerts=true, version=65.0.3325.181, browserConnectionEnabled=false, nativeEvents=true, locationContextEnabled=true, cssSelectorsEnabled=true}]
Session ID: 893148f0569e95451eb7e849ebb06582
	at org.openqa.selenium.remote.ErrorHandler.createThrowable(ErrorHandler.java:214)
	at org.openqa.selenium.remote.ErrorHandler.throwIfResponseFailed(ErrorHandler.java:166)
	at org.openqa.selenium.remote.http.JsonHttpResponseCodec.reconstructValue(JsonHttpResponseCodec.java:40)
	at org.openqa.selenium.remote.http.AbstractHttpResponseCodec.decode(AbstractHttpResponseCodec.java:82)
	at org.openqa.selenium.remote.http.AbstractHttpResponseCodec.decode(AbstractHttpResponseCodec.java:45)
	at org.openqa.selenium.remote.HttpCommandExecutor.execute(HttpCommandExecutor.java:164)
	at org.openqa.selenium.remote.RemoteWebDriver.execute(RemoteWebDriver.java:586)
	at org.openqa.selenium.remote.RemoteWebElement.execute(RemoteWebElement.java:279)
	at org.openqa.selenium.remote.RemoteWebElement.sendKeys(RemoteWebElement.java:100)
	at org.openqa.selenium.support.pagefactory.internal.LocatingElementHandler.invoke(LocatingElementHandler.java:51)
	at com.sun.proxy.$Proxy11.sendKeys(Unknown Source)
	at com.framework.automation.framework.applicationAction.HomePage.correctCreateAccount(HomePage.java:210)
	at com.framework.automation.framework.homePage.VerifyloginWithValidCredentails.validEmailforCreateAccount(VerifyloginWithValidCredentails.java:53)
	at java.util.concurrent.FutureTask.run(FutureTask.java:266)
	at java.util.concurrent.ThreadPoolExecutor.runWorker(ThreadPoolExecutor.java:1142)
	at java.util.concurrent.ThreadPoolExecutor$Worker.run(ThreadPoolExecutor.java:617)
	at java.lang.Thread.run(Thread.java:745)
... Removed 24 stack frames]]>
    </failure>
  </testcase> <!-- validEmailforCreateAccount -->
  <testcase name="verifyLoginWithValidCredentails" time="6.336" classname="com.framework.automation.framework.homePage.VerifyloginWithValidCredentails">
    <skipped/>
  </testcase> <!-- verifyLoginWithValidCredentails -->
  <testcase name="verifyLoginWithValidCredentails" time="5.913" classname="com.framework.automation.framework.homePage.VerifyloginWithValidCredentails">
    <skipped/>
  </testcase> <!-- verifyLoginWithValidCredentails -->
  <testcase name="verifyLoginWithValidCredentails" time="6.127" classname="com.framework.automation.framework.homePage.VerifyloginWithValidCredentails">
    <skipped/>
  </testcase> <!-- verifyLoginWithValidCredentails -->
  <testcase name="verifyLoginWithValidCredentails" time="5.975" classname="com.framework.automation.framework.homePage.VerifyloginWithValidCredentails">
    <failure type="org.openqa.selenium.WebDriverException" message="unknown error: call function result missing &amp;apos;value&amp;apos;
  (Session info: chrome=65.0.3325.181)
  (Driver info: chromedriver=2.32.498537 (cb2f855cbc7b82e20387eaf9a43f6b99b6105061),platform=Mac OS X 10.11.4 x86_64) (WARNING: The server did not provide any stacktrace information)
Command duration or timeout: 0 milliseconds
Build info: version: &amp;apos;3.6.0&amp;apos;, revision: &amp;apos;6fbf3ec767&amp;apos;, time: &amp;apos;2017-09-27T15:28:36.4Z&amp;apos;
System info: host: &amp;apos;NYCMDLNMUHMAC.local&amp;apos;, ip: &amp;apos;fe80:0:0:0:a299:9bff:fe1a:6ff5%en0&amp;apos;, os.name: &amp;apos;Mac OS X&amp;apos;, os.arch: &amp;apos;x86_64&amp;apos;, os.version: &amp;apos;10.11.4&amp;apos;, java.version: &amp;apos;1.8.0_60&amp;apos;
Driver info: org.openqa.selenium.remote.RemoteWebDriver
Capabilities [{mobileEmulationEnabled=false, hasTouchScreen=false, platform=MAC, acceptSslCerts=true, webStorageEnabled=true, browserName=chrome, takesScreenshot=true, javascriptEnabled=true, platformName=MAC, setWindowRect=true, unexpectedAlertBehaviour=, applicationCacheEnabled=false, rotatable=false, networkConnectionEnabled=false, chrome={chromedriverVersion=2.32.498537 (cb2f855cbc7b82e20387eaf9a43f6b99b6105061), userDataDir=/var/folders/xc/6sf0jwrj1kld9nykm9hs0zpm1hp1_p/T/.org.chromium.Chromium.n29uO0}, takesHeapSnapshot=true, pageLoadStrategy=normal, unhandledPromptBehavior=, databaseEnabled=false, handlesAlerts=true, version=65.0.3325.181, browserConnectionEnabled=false, nativeEvents=true, locationContextEnabled=true, cssSelectorsEnabled=true}]
Session ID: 893148f0569e95451eb7e849ebb06582">
      <![CDATA[org.openqa.selenium.WebDriverException: unknown error: call function result missing 'value'
  (Session info: chrome=65.0.3325.181)
  (Driver info: chromedriver=2.32.498537 (cb2f855cbc7b82e20387eaf9a43f6b99b6105061),platform=Mac OS X 10.11.4 x86_64) (WARNING: The server did not provide any stacktrace information)
Command duration or timeout: 0 milliseconds
Build info: version: '3.6.0', revision: '6fbf3ec767', time: '2017-09-27T15:28:36.4Z'
System info: host: 'NYCMDLNMUHMAC.local', ip: 'fe80:0:0:0:a299:9bff:fe1a:6ff5%en0', os.name: 'Mac OS X', os.arch: 'x86_64', os.version: '10.11.4', java.version: '1.8.0_60'
Driver info: org.openqa.selenium.remote.RemoteWebDriver
Capabilities [{mobileEmulationEnabled=false, hasTouchScreen=false, platform=MAC, acceptSslCerts=true, webStorageEnabled=true, browserName=chrome, takesScreenshot=true, javascriptEnabled=true, platformName=MAC, setWindowRect=true, unexpectedAlertBehaviour=, applicationCacheEnabled=false, rotatable=false, networkConnectionEnabled=false, chrome={chromedriverVersion=2.32.498537 (cb2f855cbc7b82e20387eaf9a43f6b99b6105061), userDataDir=/var/folders/xc/6sf0jwrj1kld9nykm9hs0zpm1hp1_p/T/.org.chromium.Chromium.n29uO0}, takesHeapSnapshot=true, pageLoadStrategy=normal, unhandledPromptBehavior=, databaseEnabled=false, handlesAlerts=true, version=65.0.3325.181, browserConnectionEnabled=false, nativeEvents=true, locationContextEnabled=true, cssSelectorsEnabled=true}]
Session ID: 893148f0569e95451eb7e849ebb06582
	at org.openqa.selenium.remote.ErrorHandler.createThrowable(ErrorHandler.java:214)
	at org.openqa.selenium.remote.ErrorHandler.throwIfResponseFailed(ErrorHandler.java:166)
	at org.openqa.selenium.remote.http.JsonHttpResponseCodec.reconstructValue(JsonHttpResponseCodec.java:40)
	at org.openqa.selenium.remote.http.AbstractHttpResponseCodec.decode(AbstractHttpResponseCodec.java:82)
	at org.openqa.selenium.remote.http.AbstractHttpResponseCodec.decode(AbstractHttpResponseCodec.java:45)
	at org.openqa.selenium.remote.HttpCommandExecutor.execute(HttpCommandExecutor.java:164)
	at org.openqa.selenium.remote.RemoteWebDriver.execute(RemoteWebDriver.java:586)
	at org.openqa.selenium.remote.RemoteWebElement.execute(RemoteWebElement.java:279)
	at org.openqa.selenium.remote.RemoteWebElement.sendKeys(RemoteWebElement.java:100)
	at org.openqa.selenium.support.pagefactory.internal.LocatingElementHandler.invoke(LocatingElementHandler.java:51)
	at com.sun.proxy.$Proxy11.sendKeys(Unknown Source)
	at com.framework.automation.framework.applicationAction.HomePage.logInToApplication(HomePage.java:199)
	at com.framework.automation.framework.homePage.VerifyloginWithValidCredentails.verifyLoginWithValidCredentails(VerifyloginWithValidCredentails.java:36)
	at java.util.concurrent.FutureTask.run(FutureTask.java:266)
	at java.util.concurrent.ThreadPoolExecutor.runWorker(ThreadPoolExecutor.java:1142)
	at java.util.concurrent.ThreadPoolExecutor$Worker.run(ThreadPoolExecutor.java:617)
	at java.lang.Thread.run(Thread.java:745)
... Removed 24 stack frames]]>
    </failure>
  </testcase> <!-- verifyLoginWithValidCredentails -->
  <testcase name="verifyLoginWithValidCredentails" time="6.094" classname="com.framework.automation.framework.homePage.VerifyloginWithValidCredentails">
    <skipped/>
  </testcase> <!-- verifyLoginWithValidCredentails -->
  <testcase name="verifyLoginWithValidCredentails" time="6.037" classname="com.framework.automation.framework.homePage.VerifyloginWithValidCredentails">
    <skipped/>
  </testcase> <!-- verifyLoginWithValidCredentails -->
  <testcase name="verifyLoginWithValidCredentails" time="6.322" classname="com.framework.automation.framework.homePage.VerifyloginWithValidCredentails">
    <skipped/>
  </testcase> <!-- verifyLoginWithValidCredentails -->
  <testcase name="verifyLoginWithValidCredentails" time="6.27" classname="com.framework.automation.framework.homePage.VerifyloginWithValidCredentails">
    <failure type="org.openqa.selenium.WebDriverException" message="unknown error: call function result missing &amp;apos;value&amp;apos;
  (Session info: chrome=65.0.3325.181)
  (Driver info: chromedriver=2.32.498537 (cb2f855cbc7b82e20387eaf9a43f6b99b6105061),platform=Mac OS X 10.11.4 x86_64) (WARNING: The server did not provide any stacktrace information)
Command duration or timeout: 0 milliseconds
Build info: version: &amp;apos;3.6.0&amp;apos;, revision: &amp;apos;6fbf3ec767&amp;apos;, time: &amp;apos;2017-09-27T15:28:36.4Z&amp;apos;
System info: host: &amp;apos;NYCMDLNMUHMAC.local&amp;apos;, ip: &amp;apos;fe80:0:0:0:a299:9bff:fe1a:6ff5%en0&amp;apos;, os.name: &amp;apos;Mac OS X&amp;apos;, os.arch: &amp;apos;x86_64&amp;apos;, os.version: &amp;apos;10.11.4&amp;apos;, java.version: &amp;apos;1.8.0_60&amp;apos;
Driver info: org.openqa.selenium.remote.RemoteWebDriver
Capabilities [{mobileEmulationEnabled=false, hasTouchScreen=false, platform=MAC, acceptSslCerts=true, webStorageEnabled=true, browserName=chrome, takesScreenshot=true, javascriptEnabled=true, platformName=MAC, setWindowRect=true, unexpectedAlertBehaviour=, applicationCacheEnabled=false, rotatable=false, networkConnectionEnabled=false, chrome={chromedriverVersion=2.32.498537 (cb2f855cbc7b82e20387eaf9a43f6b99b6105061), userDataDir=/var/folders/xc/6sf0jwrj1kld9nykm9hs0zpm1hp1_p/T/.org.chromium.Chromium.n29uO0}, takesHeapSnapshot=true, pageLoadStrategy=normal, unhandledPromptBehavior=, databaseEnabled=false, handlesAlerts=true, version=65.0.3325.181, browserConnectionEnabled=false, nativeEvents=true, locationContextEnabled=true, cssSelectorsEnabled=true}]
Session ID: 893148f0569e95451eb7e849ebb06582">
      <![CDATA[org.openqa.selenium.WebDriverException: unknown error: call function result missing 'value'
  (Session info: chrome=65.0.3325.181)
  (Driver info: chromedriver=2.32.498537 (cb2f855cbc7b82e20387eaf9a43f6b99b6105061),platform=Mac OS X 10.11.4 x86_64) (WARNING: The server did not provide any stacktrace information)
Command duration or timeout: 0 milliseconds
Build info: version: '3.6.0', revision: '6fbf3ec767', time: '2017-09-27T15:28:36.4Z'
System info: host: 'NYCMDLNMUHMAC.local', ip: 'fe80:0:0:0:a299:9bff:fe1a:6ff5%en0', os.name: 'Mac OS X', os.arch: 'x86_64', os.version: '10.11.4', java.version: '1.8.0_60'
Driver info: org.openqa.selenium.remote.RemoteWebDriver
Capabilities [{mobileEmulationEnabled=false, hasTouchScreen=false, platform=MAC, acceptSslCerts=true, webStorageEnabled=true, browserName=chrome, takesScreenshot=true, javascriptEnabled=true, platformName=MAC, setWindowRect=true, unexpectedAlertBehaviour=, applicationCacheEnabled=false, rotatable=false, networkConnectionEnabled=false, chrome={chromedriverVersion=2.32.498537 (cb2f855cbc7b82e20387eaf9a43f6b99b6105061), userDataDir=/var/folders/xc/6sf0jwrj1kld9nykm9hs0zpm1hp1_p/T/.org.chromium.Chromium.n29uO0}, takesHeapSnapshot=true, pageLoadStrategy=normal, unhandledPromptBehavior=, databaseEnabled=false, handlesAlerts=true, version=65.0.3325.181, browserConnectionEnabled=false, nativeEvents=true, locationContextEnabled=true, cssSelectorsEnabled=true}]
Session ID: 893148f0569e95451eb7e849ebb06582
	at org.openqa.selenium.remote.ErrorHandler.createThrowable(ErrorHandler.java:214)
	at org.openqa.selenium.remote.ErrorHandler.throwIfResponseFailed(ErrorHandler.java:166)
	at org.openqa.selenium.remote.http.JsonHttpResponseCodec.reconstructValue(JsonHttpResponseCodec.java:40)
	at org.openqa.selenium.remote.http.AbstractHttpResponseCodec.decode(AbstractHttpResponseCodec.java:82)
	at org.openqa.selenium.remote.http.AbstractHttpResponseCodec.decode(AbstractHttpResponseCodec.java:45)
	at org.openqa.selenium.remote.HttpCommandExecutor.execute(HttpCommandExecutor.java:164)
	at org.openqa.selenium.remote.RemoteWebDriver.execute(RemoteWebDriver.java:586)
	at org.openqa.selenium.remote.RemoteWebElement.execute(RemoteWebElement.java:279)
	at org.openqa.selenium.remote.RemoteWebElement.sendKeys(RemoteWebElement.java:100)
	at org.openqa.selenium.support.pagefactory.internal.LocatingElementHandler.invoke(LocatingElementHandler.java:51)
	at com.sun.proxy.$Proxy11.sendKeys(Unknown Source)
	at com.framework.automation.framework.applicationAction.HomePage.logInToApplication(HomePage.java:199)
	at com.framework.automation.framework.homePage.VerifyloginWithValidCredentails.verifyLoginWithValidCredentails(VerifyloginWithValidCredentails.java:66)
	at java.util.concurrent.FutureTask.run(FutureTask.java:266)
	at java.util.concurrent.ThreadPoolExecutor.runWorker(ThreadPoolExecutor.java:1142)
	at java.util.concurrent.ThreadPoolExecutor$Worker.run(ThreadPoolExecutor.java:617)
	at java.lang.Thread.run(Thread.java:745)
... Removed 22 stack frames]]>
    </failure>
  </testcase> <!-- verifyLoginWithValidCredentails -->
  <testcase name="verifyLoginWithValidCredentails" time="0.001" classname="com.framework.automation.framework.homePage.VerifyloginWithValidCredentails">
    <skipped/>
  </testcase> <!-- verifyLoginWithValidCredentails -->
  <testcase name="verifyLoginWithValidCredentails" time="0.0" classname="com.framework.automation.framework.homePage.VerifyloginWithValidCredentails">
    <skipped/>
  </testcase> <!-- verifyLoginWithValidCredentails -->
  <testcase name="verifyLoginWithValidCredentails" time="0.0" classname="com.framework.automation.framework.homePage.VerifyloginWithValidCredentails">
    <skipped/>
  </testcase> <!-- verifyLoginWithValidCredentails -->
  <testcase name="verifyLoginWithValidCredentails" time="0.001" classname="com.framework.automation.framework.homePage.VerifyloginWithValidCredentails">
    <skipped/>
  </testcase> <!-- verifyLoginWithValidCredentails -->
  <testcase name="verifyLoginWithValidCredentails" time="0.001" classname="com.framework.automation.framework.homePage.VerifyloginWithValidCredentails">
    <skipped/>
  </testcase> <!-- verifyLoginWithValidCredentails -->
  <testcase name="verifyLoginWithValidCredentails" time="0.0" classname="com.framework.automation.framework.homePage.VerifyloginWithValidCredentails">
    <skipped/>
  </testcase> <!-- verifyLoginWithValidCredentails -->
  <testcase name="vrifiedHomePageshoppingChartButtonDisplayed" time="0.036" classname="com.framework.automation.framework.homePage.VerifyloginWithValidCredentails"/>
</testsuite> <!-- chrometest -->
