<?xml version="1.0" encoding="UTF-8"?>
<!-- Generated by org.testng.reporters.JUnitXMLReporter -->
<testsuite hostname="NYCMDLNMUHMAC.local" name="test1" tests="2" failures="0" timestamp="7 Apr 2018 03:51:42 GMT" time="45.534" errors="0">
  <testcase name="@BeforeTest setup" time="0.0" classname="com.framework.automation.framework.homePage.VerifyloginWithInvalidCredentails">
    <failure type="org.openqa.selenium.WebDriverException" message="Timed out waiting 45 seconds for Firefox to start.
Build info: version: &amp;apos;3.6.0&amp;apos;, revision: &amp;apos;6fbf3ec767&amp;apos;, time: &amp;apos;2017-09-27T15:28:36.4Z&amp;apos;
System info: host: &amp;apos;NYCMDLNMUHMAC.local&amp;apos;, ip: &amp;apos;fe80:0:0:0:a299:9bff:fe1a:6ff5%en0&amp;apos;, os.name: &amp;apos;Mac OS X&amp;apos;, os.arch: &amp;apos;x86_64&amp;apos;, os.version: &amp;apos;10.11.4&amp;apos;, java.version: &amp;apos;1.8.0_60&amp;apos;
Driver info: driver.version: FirefoxDriver">
      <![CDATA[org.openqa.selenium.WebDriverException: Timed out waiting 45 seconds for Firefox to start.
Build info: version: '3.6.0', revision: '6fbf3ec767', time: '2017-09-27T15:28:36.4Z'
System info: host: 'NYCMDLNMUHMAC.local', ip: 'fe80:0:0:0:a299:9bff:fe1a:6ff5%en0', os.name: 'Mac OS X', os.arch: 'x86_64', os.version: '10.11.4', java.version: '1.8.0_60'
Driver info: driver.version: FirefoxDriver
	at org.openqa.selenium.firefox.XpiDriverService.waitUntilAvailable(XpiDriverService.java:112)
	at org.openqa.selenium.firefox.XpiDriverService.start(XpiDriverService.java:97)
	at org.openqa.selenium.remote.service.DriverCommandExecutor.execute(DriverCommandExecutor.java:79)
	at org.openqa.selenium.remote.RemoteWebDriver.execute(RemoteWebDriver.java:586)
	at org.openqa.selenium.remote.RemoteWebDriver.startSession(RemoteWebDriver.java:217)
	at org.openqa.selenium.remote.RemoteWebDriver.<init>(RemoteWebDriver.java:140)
	at org.openqa.selenium.firefox.FirefoxDriver.<init>(FirefoxDriver.java:120)
	at org.openqa.selenium.firefox.FirefoxDriver.<init>(FirefoxDriver.java:98)
	at com.framework.automation.framework.testBase.TestBase.selectBrowser(TestBase.java:72)
	at com.framework.automation.framework.testBase.TestBase.init(TestBase.java:46)
	at com.framework.automation.framework.homePage.VerifyloginWithInvalidCredentails.setup(VerifyloginWithInvalidCredentails.java:26)
Caused by: org.openqa.selenium.net.UrlChecker$TimeoutException: Timed out waiting for [http://localhost:35849/hub/status] to be available after 45005 ms
	at org.openqa.selenium.net.UrlChecker.waitUntilAvailable(UrlChecker.java:100)
	at org.openqa.selenium.firefox.XpiDriverService.waitUntilAvailable(XpiDriverService.java:110)
	... 32 more
Caused by: java.util.concurrent.TimeoutException
	at java.util.concurrent.FutureTask.get(FutureTask.java:205)
	at com.google.common.util.concurrent.SimpleTimeLimiter.callWithTimeout(SimpleTimeLimiter.java:147)
	at org.openqa.selenium.net.UrlChecker.waitUntilAvailable(UrlChecker.java:75)
	... 33 more
... Removed 22 stack frames]]>
    </failure>
  </testcase> <!-- @BeforeTest setup -->
  <testcase name="@AfterTest end" time="0.0" classname="com.framework.automation.framework.homePage.VerifyloginWithInvalidCredentails">
    <skipped/>
  </testcase> <!-- @AfterTest end -->
  <testcase name="VerifyProductring" time="0.001" classname="com.framework.automation.framework.homePage.VerifyloginWithInvalidCredentails">
    <skipped/>
  </testcase> <!-- VerifyProductring -->
  <testcase name="verifyLoginWithInvalidCredentails" time="0.001" classname="com.framework.automation.framework.homePage.VerifyloginWithInvalidCredentails">
    <skipped/>
  </testcase> <!-- verifyLoginWithInvalidCredentails -->
</testsuite> <!-- test1 -->
