<html>
<head>
<title>TestNG:  verifyLoginWithValidCredentails</title>
<link href="../testng.css" rel="stylesheet" type="text/css" />
<link href="../my-testng.css" rel="stylesheet" type="text/css" />

<style type="text/css">
.log { display: none;} 
.stack-trace { display: none;} 
</style>
<script type="text/javascript">
<!--
function flip(e) {
  current = e.style.display;
  if (current == 'block') {
    e.style.display = 'none';
    return 0;
  }
  else {
    e.style.display = 'block';
    return 1;
  }
}

function toggleBox(szDivId, elem, msg1, msg2)
{
  var res = -1;  if (document.getElementById) {
    res = flip(document.getElementById(szDivId));
  }
  else if (document.all) {
    // this is the way old msie versions work
    res = flip(document.all[szDivId]);
  }
  if(elem) {
    if(res == 0) elem.innerHTML = msg1; else elem.innerHTML = msg2;
  }

}

function toggleAllBoxes() {
  if (document.getElementsByTagName) {
    d = document.getElementsByTagName('div');
    for (i = 0; i < d.length; i++) {
      if (d[i].className == 'log') {
        flip(d[i]);
      }
    }
  }
}

// -->
</script>

</head>
<body>
<h2 align='center'>verifyLoginWithValidCredentails</h2><table border='1' align="center">
<tr>
<td>Tests passed/Failed/Skipped:</td><td>3/1/3</td>
</tr><tr>
<td>Started on:</td><td>Sat Feb 24 23:54:01 EST 2018</td>
</tr>
<tr><td>Total time:</td><td>141 seconds (141127 ms)</td>
</tr><tr>
<td>Included groups:</td><td></td>
</tr><tr>
<td>Excluded groups:</td><td></td>
</tr>
</table><p/>
<small><i>(Hover the method name to see the test class name)</i></small><p/>
<table width='100%' border='1' class='invocation-failed'>
<tr><td colspan='4' align='center'><b>FAILED TESTS</b></td></tr>
<tr><td><b>Test method</b></td>
<td width="30%"><b>Exception</b></td>
<td width="10%"><b>Time (seconds)</b></td>
<td><b>Instance</b></td>
</tr>
<tr>
<td title='com.framework.automation.framework.homePage.VerifyloginWithValidCredentails.verifyLoginWithValidCredentails()'><b>verifyLoginWithValidCredentails</b><br>Test class: com.framework.automation.framework.homePage.VerifyloginWithValidCredentails<br>Parameters: kagim2005@gmail.com, uddin, y<br/>
<a href="#Output-1404932042" onClick='toggleBox("Output-1404932042", this, "Show output", "Hide output");'>Show output</a>

<a href="#Output-1404932042" onClick="toggleAllBoxes();">Show all outputs</a>
<div class='log' id="Output-1404932042">
<a href='/Users/nadiruzzaman.muhamm/Documents/CloudProject/AutomationFramework/src/main/java/com/AutomationFramework/test/failure_screenshots/verifyLoginWithValidCredentails_24_02_2018_11_56_21.png'> <image src='/Users/nadiruzzaman.muhamm/Documents/CloudProject/AutomationFramework/src/main/java/com/AutomationFramework/test/failure_screenshots/verifyLoginWithValidCredentails_24_02_2018_11_56_21.png' height='100' width='100'/> </a><br/>
</div>
</td>
<td><div><pre>org.openqa.selenium.NoSuchElementException: no such element: Unable to locate element: {&quot;method&quot;:&quot;id&quot;,&quot;selector&quot;:&quot;email&quot;}
  (Session info: chrome=64.0.3282.167)
  (Driver info: chromedriver=2.32.498537 (cb2f855cbc7b82e20387eaf9a43f6b99b6105061),platform=Mac OS X 10.11.4 x86_64) (WARNING: The server did not provide any stacktrace information)
Command duration or timeout: 0 milliseconds
For documentation on this error, please visit: http://seleniumhq.org/exceptions/no_such_element.html
Build info: version: &apos;3.6.0&apos;, revision: &apos;6fbf3ec767&apos;, time: &apos;2017-09-27T15:28:36.4Z&apos;
System info: host: &apos;NYCMDLNMUHMAC.local&apos;, ip: &apos;fe80:0:0:0:a299:9bff:fe1a:6ff5%en0&apos;, os.name: &apos;Mac OS X&apos;, os.arch: &apos;x86_64&apos;, os.version: &apos;10.11.4&apos;, java.version: &apos;1.8.0_60&apos;
Driver info: org.openqa.selenium.remote.RemoteWebDriver
Capabilities [{mobileEmulationEnabled=false, hasTouchScreen=false, platform=MAC, acceptSslCerts=true, webStorageEnabled=true, browserName=chrome, takesScreenshot=true, javascriptEnabled=true, platformName=MAC, setWindowRect=true, unexpectedAlertBehaviour=, applicationCacheEnabled=false, rotatable=false, networkConnectionEnabled=false, chrome={chromedriverVersion=2.32.498537 (cb2f855cbc7b82e20387eaf9a43f6b99b6105061), userDataDir=/var/folders/xc/6sf0jwrj1kld9nykm9hs0zpm1hp1_p/T/.org.chromium.Chromium.NQKSV7}, takesHeapSnapshot=true, pageLoadStrategy=normal, unhandledPromptBehavior=, databaseEnabled=false, handlesAlerts=true, version=64.0.3282.167, browserConnectionEnabled=false, nativeEvents=true, locationContextEnabled=true, cssSelectorsEnabled=true}]
Session ID: ccc5e9abbb941f9f627623e7f3486fd2
*** Element info: {Using=id, value=email}
	at org.openqa.selenium.remote.ErrorHandler.createThrowable(ErrorHandler.java:214)
	at org.openqa.selenium.remote.ErrorHandler.throwIfResponseFailed(ErrorHandler.java:166)
	at org.openqa.selenium.remote.http.JsonHttpResponseCodec.reconstructValue(JsonHttpResponseCodec.java:40)
	at org.openqa.selenium.remote.http.AbstractHttpResponseCodec.decode(AbstractHttpResponseCodec.java:82)
	at org.openqa.selenium.remote.http.AbstractHttpResponseCodec.decode(AbstractHttpResponseCodec.java:45)
	at org.openqa.selenium.remote.HttpCommandExecutor.execute(HttpCommandExecutor.java:164)
	at org.openqa.selenium.remote.RemoteWebDriver.execute(RemoteWebDriver.java:586)
	at org.openqa.selenium.remote.RemoteWebDriver.findElement(RemoteWebDriver.java:356)
	at org.openqa.selenium.remote.RemoteWebDriver.findElementById(RemoteWebDriver.java:402)
	at org.openqa.selenium.By$ById.findElement(By.java:218)
	at org.openqa.selenium.remote.RemoteWebDriver.findElement(RemoteWebDriver.java:348)
	at org.openqa.selenium.support.pagefactory.DefaultElementLocator.findElement(DefaultElementLocator.java:69)
	at org.openqa.selenium.support.pagefactory.internal.LocatingElementHandler.invoke(LocatingElementHandler.java:38)
	at com.sun.proxy.$Proxy10.sendKeys(Unknown Source)
	at com.framework.automation.framework.applicationAction.HomePage.logInToApplication(HomePage.java:187)
	at com.framework.automation.framework.homePage.VerifyloginWithValidCredentails.verifyLoginWithValidCredentails(VerifyloginWithValidCredentails.java:66)
... Removed 28 stack frames</pre></div><a href='#' onClick='toggleBox("stack-trace1404932042", this, "Click to show all stack frames", "Click to hide stack frames")'>Click to show all stack frames</a>
<div class='stack-trace' id='stack-trace1404932042'><pre>org.openqa.selenium.NoSuchElementException: no such element: Unable to locate element: {&quot;method&quot;:&quot;id&quot;,&quot;selector&quot;:&quot;email&quot;}
  (Session info: chrome=64.0.3282.167)
  (Driver info: chromedriver=2.32.498537 (cb2f855cbc7b82e20387eaf9a43f6b99b6105061),platform=Mac OS X 10.11.4 x86_64) (WARNING: The server did not provide any stacktrace information)
Command duration or timeout: 0 milliseconds
For documentation on this error, please visit: http://seleniumhq.org/exceptions/no_such_element.html
Build info: version: &apos;3.6.0&apos;, revision: &apos;6fbf3ec767&apos;, time: &apos;2017-09-27T15:28:36.4Z&apos;
System info: host: &apos;NYCMDLNMUHMAC.local&apos;, ip: &apos;fe80:0:0:0:a299:9bff:fe1a:6ff5%en0&apos;, os.name: &apos;Mac OS X&apos;, os.arch: &apos;x86_64&apos;, os.version: &apos;10.11.4&apos;, java.version: &apos;1.8.0_60&apos;
Driver info: org.openqa.selenium.remote.RemoteWebDriver
Capabilities [{mobileEmulationEnabled=false, hasTouchScreen=false, platform=MAC, acceptSslCerts=true, webStorageEnabled=true, browserName=chrome, takesScreenshot=true, javascriptEnabled=true, platformName=MAC, setWindowRect=true, unexpectedAlertBehaviour=, applicationCacheEnabled=false, rotatable=false, networkConnectionEnabled=false, chrome={chromedriverVersion=2.32.498537 (cb2f855cbc7b82e20387eaf9a43f6b99b6105061), userDataDir=/var/folders/xc/6sf0jwrj1kld9nykm9hs0zpm1hp1_p/T/.org.chromium.Chromium.NQKSV7}, takesHeapSnapshot=true, pageLoadStrategy=normal, unhandledPromptBehavior=, databaseEnabled=false, handlesAlerts=true, version=64.0.3282.167, browserConnectionEnabled=false, nativeEvents=true, locationContextEnabled=true, cssSelectorsEnabled=true}]
Session ID: ccc5e9abbb941f9f627623e7f3486fd2
*** Element info: {Using=id, value=email}
	at sun.reflect.NativeConstructorAccessorImpl.newInstance0(Native Method)
	at sun.reflect.NativeConstructorAccessorImpl.newInstance(NativeConstructorAccessorImpl.java:62)
	at sun.reflect.DelegatingConstructorAccessorImpl.newInstance(DelegatingConstructorAccessorImpl.java:45)
	at java.lang.reflect.Constructor.newInstance(Constructor.java:422)
	at org.openqa.selenium.remote.ErrorHandler.createThrowable(ErrorHandler.java:214)
	at org.openqa.selenium.remote.ErrorHandler.throwIfResponseFailed(ErrorHandler.java:166)
	at org.openqa.selenium.remote.http.JsonHttpResponseCodec.reconstructValue(JsonHttpResponseCodec.java:40)
	at org.openqa.selenium.remote.http.AbstractHttpResponseCodec.decode(AbstractHttpResponseCodec.java:82)
	at org.openqa.selenium.remote.http.AbstractHttpResponseCodec.decode(AbstractHttpResponseCodec.java:45)
	at org.openqa.selenium.remote.HttpCommandExecutor.execute(HttpCommandExecutor.java:164)
	at org.openqa.selenium.remote.RemoteWebDriver.execute(RemoteWebDriver.java:586)
	at org.openqa.selenium.remote.RemoteWebDriver.findElement(RemoteWebDriver.java:356)
	at org.openqa.selenium.remote.RemoteWebDriver.findElementById(RemoteWebDriver.java:402)
	at org.openqa.selenium.By$ById.findElement(By.java:218)
	at org.openqa.selenium.remote.RemoteWebDriver.findElement(RemoteWebDriver.java:348)
	at org.openqa.selenium.support.pagefactory.DefaultElementLocator.findElement(DefaultElementLocator.java:69)
	at org.openqa.selenium.support.pagefactory.internal.LocatingElementHandler.invoke(LocatingElementHandler.java:38)
	at com.sun.proxy.$Proxy10.sendKeys(Unknown Source)
	at com.framework.automation.framework.applicationAction.HomePage.logInToApplication(HomePage.java:187)
	at com.framework.automation.framework.homePage.VerifyloginWithValidCredentails.verifyLoginWithValidCredentails(VerifyloginWithValidCredentails.java:66)
	at sun.reflect.NativeMethodAccessorImpl.invoke0(Native Method)
	at sun.reflect.NativeMethodAccessorImpl.invoke(NativeMethodAccessorImpl.java:62)
	at sun.reflect.DelegatingMethodAccessorImpl.invoke(DelegatingMethodAccessorImpl.java:43)
	at java.lang.reflect.Method.invoke(Method.java:497)
	at org.testng.internal.MethodInvocationHelper.invokeMethod(MethodInvocationHelper.java:86)
	at org.testng.internal.Invoker.invokeMethod(Invoker.java:643)
	at org.testng.internal.Invoker.invokeTestMethod(Invoker.java:820)
	at org.testng.internal.Invoker.invokeTestMethods(Invoker.java:1128)
	at org.testng.internal.TestMethodWorker.invokeTestMethods(TestMethodWorker.java:129)
	at org.testng.internal.TestMethodWorker.run(TestMethodWorker.java:112)
	at org.testng.TestRunner.privateRun(TestRunner.java:782)
	at org.testng.TestRunner.run(TestRunner.java:632)
	at org.testng.SuiteRunner.runTest(SuiteRunner.java:366)
	at org.testng.SuiteRunner.runSequentially(SuiteRunner.java:361)
	at org.testng.SuiteRunner.privateRun(SuiteRunner.java:319)
	at org.testng.SuiteRunner.run(SuiteRunner.java:268)
	at org.testng.SuiteRunnerWorker.runSuite(SuiteRunnerWorker.java:52)
	at org.testng.SuiteRunnerWorker.run(SuiteRunnerWorker.java:86)
	at org.testng.TestNG.runSuitesSequentially(TestNG.java:1244)
	at org.testng.TestNG.runSuitesLocally(TestNG.java:1169)
	at org.testng.TestNG.run(TestNG.java:1064)
	at org.testng.remote.AbstractRemoteTestNG.run(AbstractRemoteTestNG.java:132)
	at org.testng.remote.RemoteTestNG.initAndRun(RemoteTestNG.java:236)
	at org.testng.remote.RemoteTestNG.main(RemoteTestNG.java:81)
</pre></div></td>
<td>60</td>
<td>com.framework.automation.framework.homePage.VerifyloginWithValidCredentails@490ab905</td></tr>
</table><p>
<table width='100%' border='1' class='invocation-passed'>
<tr><td colspan='4' align='center'><b>PASSED TESTS</b></td></tr>
<tr><td><b>Test method</b></td>
<td width="30%"><b>Exception</b></td>
<td width="10%"><b>Time (seconds)</b></td>
<td><b>Instance</b></td>
</tr>
<tr>
<td title='com.framework.automation.framework.homePage.VerifyloginWithValidCredentails.validEmailforCreateAccount()'><b>validEmailforCreateAccount</b><br>Test class: com.framework.automation.framework.homePage.VerifyloginWithValidCredentails<br/>
<a href="#Output-361268035" onClick='toggleBox("Output-361268035", this, "Show output", "Hide output");'>Show output</a>

<a href="#Output-361268035" onClick="toggleAllBoxes();">Show all outputs</a>
<div class='log' id="Output-361268035">
<a href='/Users/nadiruzzaman.muhamm/Documents/CloudProject/AutomationFramework/src/main/java/com/AutomationFramework/test/screenshot/validEmailforCreateAccount__24_02_2018_11_54_14.png'> <image src='/Users/nadiruzzaman.muhamm/Documents/CloudProject/AutomationFramework/src/main/java/com/AutomationFramework/test/screenshot/validEmailforCreateAccount__24_02_2018_11_54_14.png' height='100' width='100'/> </a><br/>
<a href='/Users/nadiruzzaman.muhamm/Documents/CloudProject/AutomationFramework/src/main/java/com/AutomationFramework/test/success_screenshots/validEmailforCreateAccount_24_02_2018_11_54_15.png'> <image src='/Users/nadiruzzaman.muhamm/Documents/CloudProject/AutomationFramework/src/main/java/com/AutomationFramework/test/success_screenshots/validEmailforCreateAccount_24_02_2018_11_54_15.png' height='100' width='100'/> </a><br/>
</div>
</td>
<td></td>
<td>12</td>
<td>com.framework.automation.framework.homePage.VerifyloginWithValidCredentails@490ab905</td></tr>
<tr>
<td title='com.framework.automation.framework.homePage.VerifyloginWithValidCredentails.verifyLoginWithValidCredentails()'><b>verifyLoginWithValidCredentails</b><br>Test class: com.framework.automation.framework.homePage.VerifyloginWithValidCredentails<br/>
<a href="#Output-467796378" onClick='toggleBox("Output-467796378", this, "Show output", "Hide output");'>Show output</a>

<a href="#Output-467796378" onClick="toggleAllBoxes();">Show all outputs</a>
<div class='log' id="Output-467796378">
<a href='/Users/nadiruzzaman.muhamm/Documents/CloudProject/AutomationFramework/src/main/java/com/AutomationFramework/test/success_screenshots/verifyLoginWithValidCredentails_24_02_2018_11_55_19.png'> <image src='/Users/nadiruzzaman.muhamm/Documents/CloudProject/AutomationFramework/src/main/java/com/AutomationFramework/test/success_screenshots/verifyLoginWithValidCredentails_24_02_2018_11_55_19.png' height='100' width='100'/> </a><br/>
</div>
</td>
<td></td>
<td>63</td>
<td>com.framework.automation.framework.homePage.VerifyloginWithValidCredentails@490ab905</td></tr>
<tr>
<td title='com.framework.automation.framework.homePage.VerifyloginWithValidCredentails.vrifiedHomePageshoppingChartButtonDisplayed()'><b>vrifiedHomePageshoppingChartButtonDisplayed</b><br>Test class: com.framework.automation.framework.homePage.VerifyloginWithValidCredentails<br/>
<a href="#Output-335107734" onClick='toggleBox("Output-335107734", this, "Show output", "Hide output");'>Show output</a>

<a href="#Output-335107734" onClick="toggleAllBoxes();">Show all outputs</a>
<div class='log' id="Output-335107734">
<a href='/Users/nadiruzzaman.muhamm/Documents/CloudProject/AutomationFramework/src/main/java/com/AutomationFramework/test/success_screenshots/vrifiedHomePageshoppingChartButtonDisplayed_24_02_2018_11_56_22.png'> <image src='/Users/nadiruzzaman.muhamm/Documents/CloudProject/AutomationFramework/src/main/java/com/AutomationFramework/test/success_screenshots/vrifiedHomePageshoppingChartButtonDisplayed_24_02_2018_11_56_22.png' height='100' width='100'/> </a><br/>
</div>
</td>
<td></td>
<td>0</td>
<td>com.framework.automation.framework.homePage.VerifyloginWithValidCredentails@490ab905</td></tr>
</table><p>
<table width='100%' border='1' class='invocation-skipped'>
<tr><td colspan='4' align='center'><b>SKIPPED TESTS</b></td></tr>
<tr><td><b>Test method</b></td>
<td width="30%"><b>Exception</b></td>
<td width="10%"><b>Time (seconds)</b></td>
<td><b>Instance</b></td>
</tr>
<tr>
<td title='com.framework.automation.framework.homePage.VerifyloginWithValidCredentails.verifyLoginWithValidCredentails()'><b>verifyLoginWithValidCredentails</b><br>Test class: com.framework.automation.framework.homePage.VerifyloginWithValidCredentails<br>Parameters: kagim2005@gmail.com, uddin, n<br/>
<a href="#Output-295304806" onClick='toggleBox("Output-295304806", this, "Show output", "Hide output");'>Show output</a>

<a href="#Output-295304806" onClick="toggleAllBoxes();">Show all outputs</a>
<div class='log' id="Output-295304806">
Test skipped :verifyLoginWithValidCredentails<br/>
</div>
</td>
<td><div><pre>org.testng.SkipException: Mark this record as no run
	at com.framework.automation.framework.homePage.VerifyloginWithValidCredentails.verifyLoginWithValidCredentails(VerifyloginWithValidCredentails.java:62)
... Removed 24 stack frames</pre></div><a href='#' onClick='toggleBox("stack-trace295304806", this, "Click to show all stack frames", "Click to hide stack frames")'>Click to show all stack frames</a>
<div class='stack-trace' id='stack-trace295304806'><pre>org.testng.SkipException: Mark this record as no run
	at com.framework.automation.framework.homePage.VerifyloginWithValidCredentails.verifyLoginWithValidCredentails(VerifyloginWithValidCredentails.java:62)
	at sun.reflect.NativeMethodAccessorImpl.invoke0(Native Method)
	at sun.reflect.NativeMethodAccessorImpl.invoke(NativeMethodAccessorImpl.java:62)
	at sun.reflect.DelegatingMethodAccessorImpl.invoke(DelegatingMethodAccessorImpl.java:43)
	at java.lang.reflect.Method.invoke(Method.java:497)
	at org.testng.internal.MethodInvocationHelper.invokeMethod(MethodInvocationHelper.java:86)
	at org.testng.internal.Invoker.invokeMethod(Invoker.java:643)
	at org.testng.internal.Invoker.invokeTestMethod(Invoker.java:820)
	at org.testng.internal.Invoker.invokeTestMethods(Invoker.java:1128)
	at org.testng.internal.TestMethodWorker.invokeTestMethods(TestMethodWorker.java:129)
	at org.testng.internal.TestMethodWorker.run(TestMethodWorker.java:112)
	at org.testng.TestRunner.privateRun(TestRunner.java:782)
	at org.testng.TestRunner.run(TestRunner.java:632)
	at org.testng.SuiteRunner.runTest(SuiteRunner.java:366)
	at org.testng.SuiteRunner.runSequentially(SuiteRunner.java:361)
	at org.testng.SuiteRunner.privateRun(SuiteRunner.java:319)
	at org.testng.SuiteRunner.run(SuiteRunner.java:268)
	at org.testng.SuiteRunnerWorker.runSuite(SuiteRunnerWorker.java:52)
	at org.testng.SuiteRunnerWorker.run(SuiteRunnerWorker.java:86)
	at org.testng.TestNG.runSuitesSequentially(TestNG.java:1244)
	at org.testng.TestNG.runSuitesLocally(TestNG.java:1169)
	at org.testng.TestNG.run(TestNG.java:1064)
	at org.testng.remote.AbstractRemoteTestNG.run(AbstractRemoteTestNG.java:132)
	at org.testng.remote.RemoteTestNG.initAndRun(RemoteTestNG.java:236)
	at org.testng.remote.RemoteTestNG.main(RemoteTestNG.java:81)
</pre></div></td>
<td>0</td>
<td>com.framework.automation.framework.homePage.VerifyloginWithValidCredentails@490ab905</td></tr>
<tr>
<td title='com.framework.automation.framework.homePage.VerifyloginWithValidCredentails.verifyLoginWithValidCredentails()'><b>verifyLoginWithValidCredentails</b><br>Test class: com.framework.automation.framework.homePage.VerifyloginWithValidCredentails<br>Parameters: kagim2005@gmail.com, uddin, n<br/>
<a href="#Output-1632497828" onClick='toggleBox("Output-1632497828", this, "Show output", "Hide output");'>Show output</a>

<a href="#Output-1632497828" onClick="toggleAllBoxes();">Show all outputs</a>
<div class='log' id="Output-1632497828">
Test skipped :verifyLoginWithValidCredentails<br/>
</div>
</td>
<td><div><pre>org.testng.SkipException: Mark this record as no run
	at com.framework.automation.framework.homePage.VerifyloginWithValidCredentails.verifyLoginWithValidCredentails(VerifyloginWithValidCredentails.java:62)
... Removed 24 stack frames</pre></div><a href='#' onClick='toggleBox("stack-trace1632497828", this, "Click to show all stack frames", "Click to hide stack frames")'>Click to show all stack frames</a>
<div class='stack-trace' id='stack-trace1632497828'><pre>org.testng.SkipException: Mark this record as no run
	at com.framework.automation.framework.homePage.VerifyloginWithValidCredentails.verifyLoginWithValidCredentails(VerifyloginWithValidCredentails.java:62)
	at sun.reflect.NativeMethodAccessorImpl.invoke0(Native Method)
	at sun.reflect.NativeMethodAccessorImpl.invoke(NativeMethodAccessorImpl.java:62)
	at sun.reflect.DelegatingMethodAccessorImpl.invoke(DelegatingMethodAccessorImpl.java:43)
	at java.lang.reflect.Method.invoke(Method.java:497)
	at org.testng.internal.MethodInvocationHelper.invokeMethod(MethodInvocationHelper.java:86)
	at org.testng.internal.Invoker.invokeMethod(Invoker.java:643)
	at org.testng.internal.Invoker.invokeTestMethod(Invoker.java:820)
	at org.testng.internal.Invoker.invokeTestMethods(Invoker.java:1128)
	at org.testng.internal.TestMethodWorker.invokeTestMethods(TestMethodWorker.java:129)
	at org.testng.internal.TestMethodWorker.run(TestMethodWorker.java:112)
	at org.testng.TestRunner.privateRun(TestRunner.java:782)
	at org.testng.TestRunner.run(TestRunner.java:632)
	at org.testng.SuiteRunner.runTest(SuiteRunner.java:366)
	at org.testng.SuiteRunner.runSequentially(SuiteRunner.java:361)
	at org.testng.SuiteRunner.privateRun(SuiteRunner.java:319)
	at org.testng.SuiteRunner.run(SuiteRunner.java:268)
	at org.testng.SuiteRunnerWorker.runSuite(SuiteRunnerWorker.java:52)
	at org.testng.SuiteRunnerWorker.run(SuiteRunnerWorker.java:86)
	at org.testng.TestNG.runSuitesSequentially(TestNG.java:1244)
	at org.testng.TestNG.runSuitesLocally(TestNG.java:1169)
	at org.testng.TestNG.run(TestNG.java:1064)
	at org.testng.remote.AbstractRemoteTestNG.run(AbstractRemoteTestNG.java:132)
	at org.testng.remote.RemoteTestNG.initAndRun(RemoteTestNG.java:236)
	at org.testng.remote.RemoteTestNG.main(RemoteTestNG.java:81)
</pre></div></td>
<td>0</td>
<td>com.framework.automation.framework.homePage.VerifyloginWithValidCredentails@490ab905</td></tr>
<tr>
<td title='com.framework.automation.framework.homePage.VerifyloginWithValidCredentails.verifyLoginWithValidCredentails()'><b>verifyLoginWithValidCredentails</b><br>Test class: com.framework.automation.framework.homePage.VerifyloginWithValidCredentails<br>Parameters: kagim2005@gmail.com, uddin, n<br/>
<a href="#Output-33419717" onClick='toggleBox("Output-33419717", this, "Show output", "Hide output");'>Show output</a>

<a href="#Output-33419717" onClick="toggleAllBoxes();">Show all outputs</a>
<div class='log' id="Output-33419717">
Test skipped :verifyLoginWithValidCredentails<br/>
</div>
</td>
<td><div><pre>org.testng.SkipException: Mark this record as no run
	at com.framework.automation.framework.homePage.VerifyloginWithValidCredentails.verifyLoginWithValidCredentails(VerifyloginWithValidCredentails.java:62)
... Removed 24 stack frames</pre></div><a href='#' onClick='toggleBox("stack-trace33419717", this, "Click to show all stack frames", "Click to hide stack frames")'>Click to show all stack frames</a>
<div class='stack-trace' id='stack-trace33419717'><pre>org.testng.SkipException: Mark this record as no run
	at com.framework.automation.framework.homePage.VerifyloginWithValidCredentails.verifyLoginWithValidCredentails(VerifyloginWithValidCredentails.java:62)
	at sun.reflect.NativeMethodAccessorImpl.invoke0(Native Method)
	at sun.reflect.NativeMethodAccessorImpl.invoke(NativeMethodAccessorImpl.java:62)
	at sun.reflect.DelegatingMethodAccessorImpl.invoke(DelegatingMethodAccessorImpl.java:43)
	at java.lang.reflect.Method.invoke(Method.java:497)
	at org.testng.internal.MethodInvocationHelper.invokeMethod(MethodInvocationHelper.java:86)
	at org.testng.internal.Invoker.invokeMethod(Invoker.java:643)
	at org.testng.internal.Invoker.invokeTestMethod(Invoker.java:820)
	at org.testng.internal.Invoker.invokeTestMethods(Invoker.java:1128)
	at org.testng.internal.TestMethodWorker.invokeTestMethods(TestMethodWorker.java:129)
	at org.testng.internal.TestMethodWorker.run(TestMethodWorker.java:112)
	at org.testng.TestRunner.privateRun(TestRunner.java:782)
	at org.testng.TestRunner.run(TestRunner.java:632)
	at org.testng.SuiteRunner.runTest(SuiteRunner.java:366)
	at org.testng.SuiteRunner.runSequentially(SuiteRunner.java:361)
	at org.testng.SuiteRunner.privateRun(SuiteRunner.java:319)
	at org.testng.SuiteRunner.run(SuiteRunner.java:268)
	at org.testng.SuiteRunnerWorker.runSuite(SuiteRunnerWorker.java:52)
	at org.testng.SuiteRunnerWorker.run(SuiteRunnerWorker.java:86)
	at org.testng.TestNG.runSuitesSequentially(TestNG.java:1244)
	at org.testng.TestNG.runSuitesLocally(TestNG.java:1169)
	at org.testng.TestNG.run(TestNG.java:1064)
	at org.testng.remote.AbstractRemoteTestNG.run(AbstractRemoteTestNG.java:132)
	at org.testng.remote.RemoteTestNG.initAndRun(RemoteTestNG.java:236)
	at org.testng.remote.RemoteTestNG.main(RemoteTestNG.java:81)
</pre></div></td>
<td>0</td>
<td>com.framework.automation.framework.homePage.VerifyloginWithValidCredentails@490ab905</td></tr>
</table><p>
</body>
</html>